<?xml version="1.0" encoding="UTF-8"?>
<!-- Generated by org.testng.reporters.JUnitReportReporter -->
<testsuite hostname="Bedlam" name="org.seleniumqa.lesson_2.StringSearch" tests="1" failures="0" timestamp="15 Feb 2015 13:58:47 GMT" time="0.001" errors="0">
  <testcase name="stringIsThere" time="0.001" classname="org.seleniumqa.lesson_2.StringSearch"/>
</testsuite> <!-- org.seleniumqa.lesson_2.StringSearch -->
